<?xml version="1.0" encoding="UTF-8"?>
<!-- Generated by org.testng.reporters.JUnitReportReporter -->
<testsuite hostname="DESKTOP-TCJQPBH" failures="0" tests="1" name="Testing.Sample" time="6.841" errors="0" timestamp="2023-05-30T10:57:57 IST" skipped="0">
  <testcase classname="Testing.Sample" name="Login" time="6.841"/>
  <system-out/>
</testsuite> <!-- Testing.Sample -->
