<?xml version="1.0" encoding="UTF-8"?>
<!-- Generated by org.testng.reporters.JUnitReportReporter -->
<testsuite hostname="DESKTOP-TCJQPBH" failures="0" tests="3" name="Testing.Shipment" time="0.012" errors="0" timestamp="2023-06-01T11:59:55 IST" skipped="0">
  <testcase classname="Testing.Shipment" name="create" time="0.010"/>
  <system-out/>
  <testcase classname="Testing.Shipment" name="cancel" time="0.001"/>
  <system-out/>
  <testcase classname="Testing.Shipment" name="Track" time="0.001"/>
  <system-out/>
</testsuite> <!-- Testing.Shipment -->
