<?xml version="1.0" encoding="UTF-8"?>
<!-- Generated by org.testng.reporters.JUnitReportReporter -->
<testsuite hostname="DESKTOP-TCJQPBH" failures="0" tests="1" name="Testing.Demo1" time="0.010" errors="0" timestamp="2023-05-30T17:30:12 IST" skipped="0">
  <testcase classname="Testing.Demo1" name="Best1" time="0.010"/>
  <system-out/>
</testsuite> <!-- Testing.Demo1 -->
