<?xml version="1.0" encoding="UTF-8"?>
<!-- Generated by org.testng.reporters.JUnitReportReporter -->
<testsuite hostname="DESKTOP-TCJQPBH" failures="0" tests="1" name="Testing.Sample" time="12.189" errors="0" timestamp="2023-05-31T11:49:48 IST" skipped="0">
  <testcase classname="Testing.Sample" name="Login" time="12.189"/>
  <system-out/>
</testsuite> <!-- Testing.Sample -->
