<?xml version="1.0" encoding="UTF-8"?>
<!-- Generated by org.testng.reporters.JUnitReportReporter -->
<testsuite hostname="DESKTOP-TCJQPBH" failures="0" tests="1" name="Testing.Sample" time="5.151" errors="0" timestamp="2023-05-30T16:24:31 IST" skipped="0">
  <testcase classname="Testing.Sample" name="Login" time="5.151"/>
  <system-out/>
</testsuite> <!-- Testing.Sample -->
