<?xml version="1.0" encoding="UTF-8"?>
<!-- Generated by org.testng.reporters.JUnitReportReporter -->
<testsuite hostname="DESKTOP-TCJQPBH" failures="0" tests="2" name="Testing.Learn" time="0.013" errors="0" timestamp="2023-06-01T13:20:47 IST" skipped="1">
  <testcase classname="Testing.Learn" name="Demo2" time="0.013"/>
  <system-out/>
  <testcase classname="Testing.Learn" name="Demo1">
    <skipped/>
  </testcase> <!-- Demo1 -->
  <system-out/>
</testsuite> <!-- Testing.Learn -->
