<?xml version="1.0" encoding="UTF-8"?>
<!-- Generated by org.testng.reporters.JUnitReportReporter -->
<testsuite hostname="DESKTOP-TCJQPBH" failures="0" tests="2" name="Testing.Demo1" time="0.010" errors="0" timestamp="2023-05-31T15:55:49 IST" skipped="0">
  <testcase classname="Testing.Demo1" name="Best3" time="0.009"/>
  <system-out/>
  <testcase classname="Testing.Demo1" name="Best2" time="0.001"/>
  <system-out/>
</testsuite> <!-- Testing.Demo1 -->
