<?xml version="1.0" encoding="UTF-8"?>
<!-- Generated by org.testng.reporters.JUnitReportReporter -->
<testsuite hostname="DESKTOP-TCJQPBH" failures="0" tests="1" name="Testing.Demo1" time="0.012" errors="0" timestamp="2023-05-30T16:25:17 IST" skipped="0">
  <testcase classname="Testing.Demo1" name="Sample2" time="0.012"/>
  <system-out/>
</testsuite> <!-- Testing.Demo1 -->
