<?xml version="1.0" encoding="UTF-8"?>
<!-- Generated by org.testng.reporters.JUnitReportReporter -->
<testsuite hostname="DESKTOP-TCJQPBH" failures="0" tests="1" name="simple.Demo1" time="15.730" errors="0" timestamp="2023-09-07T11:58:46 IST" skipped="0">
  <testcase classname="simple.Demo1" name="testinvalid" time="15.730"/>
</testsuite> <!-- simple.Demo1 -->
