<?xml version="1.0" encoding="UTF-8"?>
<!-- Generated by org.testng.reporters.JUnitReportReporter -->
<testsuite hostname="DESKTOP-TCJQPBH" failures="0" tests="1" name="demo.learn.Search" time="34.739" errors="0" timestamp="2023-09-01T12:59:09 IST" skipped="0">
  <testcase classname="demo.learn.Search" name="Verifysearchwithvalidproduct" time="34.739"/>
</testsuite> <!-- demo.learn.Search -->
